<?xml version="1.0" encoding="UTF-8"?>
<robot generator="Robot 5.0.1 (Python 3.10.1 on linux)" generated="20220604 07:45:54.288" rpa="false" schemaversion="3">
<suite id="s1" name="Network Checkout" source="/home/calvin/automation/Python-Projects/Robot_Framework/000_simple-tests/Tests/network_checkout.robot">
<kw name="Set Up Test Environment" library="resources" type="SETUP">
<doc>Preps environment for test suite</doc>
<kw name="Open Connection And Log In" library="resources">
<kw name="Open Connection" library="SSHLibrary">
<arg>${HOST}</arg>
<doc>Opens a new SSH connection to the given ``host`` and ``port``.</doc>
<status status="PASS" starttime="20220604 07:45:54.517" endtime="20220604 07:45:54.518"/>
</kw>
<kw name="Login" library="SSHLibrary">
<arg>${USERNAME}</arg>
<arg>${PASSWORD}</arg>
<doc>Logs into the SSH server with the given ``username`` and ``password``.</doc>
<msg timestamp="20220604 07:45:54.518" level="INFO">Logging into 'localhost:22' as 'calvin'.</msg>
<msg timestamp="20220604 07:45:55.928" level="INFO">Read output: Last login: Sat Jun  4 07:43:28 2022 from ::1
xmodmap:  unable to open display ''
xmodmap:  unable to open display ''
[?2004h[38;5;50mcalvin[38;5;245m@[38;5;253mcalvin-yoga [38;5;245m~ [38;5;081m$ [0m</msg>
<status status="PASS" starttime="20220604 07:45:54.518" endtime="20220604 07:45:55.928"/>
</kw>
<status status="PASS" starttime="20220604 07:45:54.517" endtime="20220604 07:45:55.929"/>
</kw>
<kw name="Open Browser" library="SeleniumLibrary">
<arg>browser=${BROWSER}</arg>
<doc>Opens a new browser instance to the optional ``url``.</doc>
<msg timestamp="20220604 07:45:55.931" level="INFO">Opening browser 'Chrome' to base url 'None'.</msg>
<status status="PASS" starttime="20220604 07:45:55.929" endtime="20220604 07:45:56.793"/>
</kw>
<status status="PASS" starttime="20220604 07:45:54.517" endtime="20220604 07:45:56.793"/>
</kw>
<test id="s1-t1" name="Layer 3 Tests" line="8">
<kw name="Internet Connectivity Ping Test" library="resources">
<doc>Ping Test To 8.8.8.8</doc>
<kw name="Execute Command" library="SSHLibrary">
<var>${output}</var>
<arg>ping 8.8.8.8 -c 1</arg>
<doc>Executes ``command`` on the remote machine and returns its outputs.</doc>
<msg timestamp="20220604 07:45:56.799" level="INFO">Executing command 'ping 8.8.8.8 -c 1'.</msg>
<msg timestamp="20220604 07:45:56.836" level="INFO">Command exited with return code 0.</msg>
<msg timestamp="20220604 07:45:56.836" level="INFO">${output} = PING 8.8.8.8 (8.8.8.8) 56(84) bytes of data.
64 bytes from 8.8.8.8: icmp_seq=1 ttl=118 time=22.4 ms

--- 8.8.8.8 ping statistics ---
1 packets transmitted, 1 received, 0% packet loss, time 0ms
rtt min...</msg>
<status status="PASS" starttime="20220604 07:45:56.798" endtime="20220604 07:45:56.837"/>
</kw>
<kw name="Should Contain" library="BuiltIn">
<arg>${output}</arg>
<arg>64 bytes from 8.8.8.8</arg>
<doc>Fails if ``container`` does not contain ``item`` one or more times.</doc>
<status status="PASS" starttime="20220604 07:45:56.837" endtime="20220604 07:45:56.838"/>
</kw>
<status status="PASS" starttime="20220604 07:45:56.797" endtime="20220604 07:45:56.839"/>
</kw>
<kw name="Access Webpages" library="resources">
<doc>Validates whether the page loads</doc>
<kw name="Log Variables" library="BuiltIn">
<doc>Logs all variables in the current scope with given log level.</doc>
<msg timestamp="20220604 07:45:56.842" level="INFO">${/} = /</msg>
<msg timestamp="20220604 07:45:56.842" level="INFO">${:} = :</msg>
<msg timestamp="20220604 07:45:56.842" level="INFO">${\n} = 
</msg>
<msg timestamp="20220604 07:45:56.842" level="INFO">${BROWSER} = Chrome</msg>
<msg timestamp="20220604 07:45:56.842" level="INFO">${DEBUG_FILE} = NONE</msg>
<msg timestamp="20220604 07:45:56.842" level="INFO">${EXECDIR} = /home/calvin/automation/Python-Projects/Robot_Framework/000_simple-tests</msg>
<msg timestamp="20220604 07:45:56.842" level="INFO">${False} = False</msg>
<msg timestamp="20220604 07:45:56.842" level="INFO">${HOST} = localhost</msg>
<msg timestamp="20220604 07:45:56.842" level="INFO">${LOG_FILE} = /home/calvin/automation/Python-Projects/Robot_Framework/000_simple-tests/Results/log.html</msg>
<msg timestamp="20220604 07:45:56.842" level="INFO">${LOG_LEVEL} = INFO</msg>
<msg timestamp="20220604 07:45:56.842" level="INFO">${None} = None</msg>
<msg timestamp="20220604 07:45:56.842" level="INFO">${null} = None</msg>
<msg timestamp="20220604 07:45:56.843" level="INFO">&amp;{OPTIONS} = { include=[] | exclude=[] | skip=[] | skip_on_failure=[] }</msg>
<msg timestamp="20220604 07:45:56.843" level="INFO">${OUTPUT_DIR} = /home/calvin/automation/Python-Projects/Robot_Framework/000_simple-tests/Results</msg>
<msg timestamp="20220604 07:45:56.843" level="INFO">${OUTPUT_FILE} = /home/calvin/automation/Python-Projects/Robot_Framework/000_simple-tests/Results/output.xml</msg>
<msg timestamp="20220604 07:45:56.843" level="INFO">${PASSWORD} = lenovoFingerprintForeverUnsupported</msg>
<msg timestamp="20220604 07:45:56.843" level="INFO">${PREV_TEST_MESSAGE} = </msg>
<msg timestamp="20220604 07:45:56.843" level="INFO">${PREV_TEST_NAME} = </msg>
<msg timestamp="20220604 07:45:56.844" level="INFO">${PREV_TEST_STATUS} = </msg>
<msg timestamp="20220604 07:45:56.844" level="INFO">${REPORT_FILE} = /home/calvin/automation/Python-Projects/Robot_Framework/000_simple-tests/Results/report.html</msg>
<msg timestamp="20220604 07:45:56.844" level="INFO">@{Sites_to_Test} = [ {'url': 'https://www.google.ca', 'title': 'Google'} | {'url': 'https://www.youtube.com', 'title': 'YouTube'} ]</msg>
<msg timestamp="20220604 07:45:56.845" level="INFO">${SPACE} =  </msg>
<msg timestamp="20220604 07:45:56.845" level="INFO">${SUITE_DOCUMENTATION} = Post Maintenance Change Suite</msg>
<msg timestamp="20220604 07:45:56.845" level="INFO">&amp;{SUITE_METADATA} = { }</msg>
<msg timestamp="20220604 07:45:56.845" level="INFO">${SUITE_NAME} = Network Checkout</msg>
<msg timestamp="20220604 07:45:56.845" level="INFO">${SUITE_SOURCE} = /home/calvin/automation/Python-Projects/Robot_Framework/000_simple-tests/Tests/network_checkout.robot</msg>
<msg timestamp="20220604 07:45:56.845" level="INFO">${TEMPDIR} = /tmp</msg>
<msg timestamp="20220604 07:45:56.845" level="INFO">${TEST_DOCUMENTATION} = </msg>
<msg timestamp="20220604 07:45:56.845" level="INFO">${TEST_NAME} = Layer 3 Tests</msg>
<msg timestamp="20220604 07:45:56.845" level="INFO">@{TEST_TAGS} = [ ]</msg>
<msg timestamp="20220604 07:45:56.845" level="INFO">${True} = True</msg>
<msg timestamp="20220604 07:45:56.845" level="INFO">${USERNAME} = calvin</msg>
<status status="PASS" starttime="20220604 07:45:56.840" endtime="20220604 07:45:56.846"/>
</kw>
<for flavor="IN">
<var>${site}</var>
<value>@{Sites_to_Test}</value>
<iter>
<var name="${site}">{'url': 'https://www.google.ca', 'title': 'Google'}</var>
<kw name="Go To" library="SeleniumLibrary">
<arg>${site["url"]}</arg>
<doc>Navigates the current browser window to the provided ``url``.</doc>
<msg timestamp="20220604 07:45:56.852" level="INFO">Opening url 'https://www.google.ca'</msg>
<status status="PASS" starttime="20220604 07:45:56.848" endtime="20220604 07:45:58.202"/>
</kw>
<kw name="Run Keyword And Continue On Failure" library="BuiltIn">
<arg>Title Should Be</arg>
<arg>${site["title"]}</arg>
<doc>Runs the keyword and continues execution even if a failure occurs.</doc>
<kw name="Title Should Be" library="SeleniumLibrary">
<arg>${site["title"]}</arg>
<doc>Verifies that the current page title equals ``title``.</doc>
<msg timestamp="20220604 07:45:58.209" level="INFO">Page title is 'Google'.</msg>
<status status="PASS" starttime="20220604 07:45:58.203" endtime="20220604 07:45:58.209"/>
</kw>
<status status="PASS" starttime="20220604 07:45:58.202" endtime="20220604 07:45:58.209"/>
</kw>
<status status="PASS" starttime="20220604 07:45:56.847" endtime="20220604 07:45:58.209"/>
</iter>
<iter>
<var name="${site}">{'url': 'https://www.youtube.com', 'title': 'YouTube'}</var>
<kw name="Go To" library="SeleniumLibrary">
<arg>${site["url"]}</arg>
<doc>Navigates the current browser window to the provided ``url``.</doc>
<msg timestamp="20220604 07:45:58.211" level="INFO">Opening url 'https://www.youtube.com'</msg>
<status status="PASS" starttime="20220604 07:45:58.210" endtime="20220604 07:46:01.903"/>
</kw>
<kw name="Run Keyword And Continue On Failure" library="BuiltIn">
<arg>Title Should Be</arg>
<arg>${site["title"]}</arg>
<doc>Runs the keyword and continues execution even if a failure occurs.</doc>
<kw name="Title Should Be" library="SeleniumLibrary">
<arg>${site["title"]}</arg>
<doc>Verifies that the current page title equals ``title``.</doc>
<msg timestamp="20220604 07:46:02.053" level="INFO">Page title is 'YouTube'.</msg>
<status status="PASS" starttime="20220604 07:46:01.903" endtime="20220604 07:46:02.053"/>
</kw>
<status status="PASS" starttime="20220604 07:46:01.903" endtime="20220604 07:46:02.053"/>
</kw>
<status status="PASS" starttime="20220604 07:45:58.210" endtime="20220604 07:46:02.053"/>
</iter>
<status status="PASS" starttime="20220604 07:45:56.846" endtime="20220604 07:46:02.053"/>
</for>
<status status="PASS" starttime="20220604 07:45:56.839" endtime="20220604 07:46:02.053"/>
</kw>
<status status="PASS" starttime="20220604 07:45:56.794" endtime="20220604 07:46:02.054"/>
</test>
<kw name="Clean Up Test Environment" library="resources" type="TEARDOWN">
<doc>Cleanup of test environment</doc>
<kw name="Close All Connections" library="SSHLibrary">
<doc>Closes all open connections.</doc>
<status status="PASS" starttime="20220604 07:46:02.055" endtime="20220604 07:46:02.056"/>
</kw>
<kw name="Close Browser" library="SeleniumLibrary">
<doc>Closes the current browser.</doc>
<status status="PASS" starttime="20220604 07:46:02.057" endtime="20220604 07:46:02.125"/>
</kw>
<status status="PASS" starttime="20220604 07:46:02.055" endtime="20220604 07:46:02.126"/>
</kw>
<doc>Post Maintenance Change Suite</doc>
<status status="PASS" starttime="20220604 07:45:54.289" endtime="20220604 07:46:02.126"/>
</suite>
<statistics>
<total>
<stat pass="1" fail="0" skip="0">All Tests</stat>
</total>
<tag>
</tag>
<suite>
<stat pass="1" fail="0" skip="0" id="s1" name="Network Checkout">Network Checkout</stat>
</suite>
</statistics>
<errors>
</errors>
</robot>
